0 info it worked if it ends with ok
1 verbose cli [ 'C:\\Program Files\\nodejs\\node.exe',
1 verbose cli   'C:\\Program Files\\nodejs\\node_modules\\npm\\bin\\npm-cli.js',
1 verbose cli   'start' ]
2 info using npm@3.10.10
3 info using node@v6.11.4
4 verbose run-script [ 'prestart', 'start', 'poststart' ]
5 info lifecycle doce-flor@1.0.0~prestart: doce-flor@1.0.0
6 silly lifecycle doce-flor@1.0.0~prestart: no script for prestart, continuing
7 info lifecycle doce-flor@1.0.0~start: doce-flor@1.0.0
8 verbose lifecycle doce-flor@1.0.0~start: unsafe-perm in lifecycle true
9 verbose lifecycle doce-flor@1.0.0~start: PATH: C:\Program Files\nodejs\node_modules\npm\bin\node-gyp-bin;C:\Users\Lucas Sotero\Documents\DoceFlor\api\node_modules\.bin;C:\Program Files\Git\mingw64\bin;C:\Program Files\Git\usr\bin;C:\Users\Lucas Sotero\bin;C:\Program Files\Microsoft MPI\Bin;C:\ProgramData\Oracle\Java\javapath;C:\Program Files (x86)\Embarcadero\Studio\19.0\bin;C:\Users\Public\Documents\Embarcadero\Studio\19.0\Bpl;C:\Program Files (x86)\Embarcadero\Studio\19.0\bin64;C:\Users\Public\Documents\Embarcadero\Studio\19.0\Bpl\Win64;C:\Program Files\Docker\Docker\Resources\bin;C:\Windows\system32;C:\Windows;C:\Windows\System32\Wbem;C:\Windows\System32\WindowsPowerShell\v1.0;C:\Program Files\nodejs;C:\Program Files\Git\cmd;C:\Program Files (x86)\php7.1;C:\ProgramData\ComposerSetup\bin;C:\Program Files (x86)\Bitvise SSH Client;C:\Program Files\PuTTY;C:\Program Files\dotnet;C:\Program Files\Microsoft SQL Server\130\Tools\Binn;C:\HashiCorp\Vagrant\bin;C:\Users\Lucas Sotero\AppData\Local\Microsoft\WindowsApps;C:\Program Files\Microsoft VS Code\bin;C:\Users\Lucas Sotero\AppData\Roaming\npm;C:\Users\Lucas Sotero\AppData\Roaming\Composer\vendor\bin;C:\Program Files\Heroku\bin;C:\Users\Lucas Sotero\AppData\Local\atom\bin
10 verbose lifecycle doce-flor@1.0.0~start: CWD: C:\Users\Lucas Sotero\Documents\DoceFlor\api
11 silly lifecycle doce-flor@1.0.0~start: Args: [ '/d /s /c', 'nodemon bin/server.js' ]
12 silly lifecycle doce-flor@1.0.0~start: Returned: code: 3221225786  signal: null
13 info lifecycle doce-flor@1.0.0~start: Failed to exec start script
14 verbose stack Error: doce-flor@1.0.0 start: `nodemon bin/server.js`
14 verbose stack Exit status 3221225786
14 verbose stack     at EventEmitter.<anonymous> (C:\Program Files\nodejs\node_modules\npm\lib\utils\lifecycle.js:255:16)
14 verbose stack     at emitTwo (events.js:106:13)
14 verbose stack     at EventEmitter.emit (events.js:191:7)
14 verbose stack     at ChildProcess.<anonymous> (C:\Program Files\nodejs\node_modules\npm\lib\utils\spawn.js:40:14)
14 verbose stack     at emitTwo (events.js:106:13)
14 verbose stack     at ChildProcess.emit (events.js:191:7)
14 verbose stack     at maybeClose (internal/child_process.js:920:16)
14 verbose stack     at Process.ChildProcess._handle.onexit (internal/child_process.js:230:5)
15 verbose pkgid doce-flor@1.0.0
16 verbose cwd C:\Users\Lucas Sotero\Documents\DoceFlor\api
17 error Windows_NT 10.0.14393
18 error argv "C:\\Program Files\\nodejs\\node.exe" "C:\\Program Files\\nodejs\\node_modules\\npm\\bin\\npm-cli.js" "start"
19 error node v6.11.4
20 error npm  v3.10.10
21 error code ELIFECYCLE
22 error doce-flor@1.0.0 start: `nodemon bin/server.js`
22 error Exit status 3221225786
23 error Failed at the doce-flor@1.0.0 start script 'nodemon bin/server.js'.
23 error Make sure you have the latest version of node.js and npm installed.
23 error If you do, this is most likely a problem with the doce-flor package,
23 error not with npm itself.
23 error Tell the author that this fails on your system:
23 error     nodemon bin/server.js
23 error You can get information on how to open an issue for this project with:
23 error     npm bugs doce-flor
23 error Or if that isn't available, you can get their info via:
23 error     npm owner ls doce-flor
23 error There is likely additional logging output above.
24 verbose exit [ 1, true ]
